2019-01-21 15:28:58,562 [INFO] [main] io.renren.AdminApplication [Jdk14Logger.java : 99] Starting AdminApplication on DESKTOP-SK77516 with PID 7144 (F:\workspace-myself\summer-cli\jdk8-sb2-ftl-layui-vue-jqgrid-renren-security\renren-admin\target\classes started by luo0412 in F:\workspace-myself\summer-cli\jdk8-sb2-ftl-layui-vue-jqgrid-renren-security)
2019-01-21 15:28:58,575 [DEBUG] [main] io.renren.AdminApplication [Jdk14Logger.java : 99] Running with Spring Boot v2.0.3.RELEASE, Spring v5.0.7.RELEASE
2019-01-21 15:28:58,576 [INFO] [main] io.renren.AdminApplication [Jdk14Logger.java : 99] The following profiles are active: dev
2019-01-21 15:28:58,723 [INFO] [main] o.s.b.w.s.c.AnnotationConfigServletWebServerApplicationContext [Jdk14Logger.java : 99] Refreshing org.springframework.boot.web.servlet.context.AnnotationConfigServletWebServerApplicationContext@44bbf5e3: startup date [Mon Jan 21 15:28:58 CST 2019]; root of context hierarchy
2019-01-21 15:29:00,997 [INFO] [main] o.s.data.repository.config.RepositoryConfigurationDelegate [RepositoryConfigurationDelegate.java : 163] Multiple Spring Data modules found, entering strict repository configuration mode!
2019-01-21 15:29:01,951 [INFO] [main] o.s.c.s.PostProcessorRegistrationDelegate$BeanPostProcessorChecker [Jdk14Logger.java : 99] Bean 'shiroConfig' of type [io.renren.common.config.ShiroConfig$$EnhancerBySpringCGLIB$$d595ad3b] is not eligible for getting processed by all BeanPostProcessors (for example: not eligible for auto-proxying)
2019-01-21 15:29:02,103 [INFO] [main] o.s.c.s.PostProcessorRegistrationDelegate$BeanPostProcessorChecker [Jdk14Logger.java : 99] Bean 'org.springframework.boot.context.properties.ConversionServiceDeducer$Factory' of type [org.springframework.boot.context.properties.ConversionServiceDeducer$Factory] is not eligible for getting processed by all BeanPostProcessors (for example: not eligible for auto-proxying)
2019-01-21 15:29:02,268 [INFO] [main] o.s.c.s.PostProcessorRegistrationDelegate$BeanPostProcessorChecker [Jdk14Logger.java : 99] Bean 'mybatis-plus-com.baomidou.mybatisplus.spring.boot.starter.MybatisPlusProperties' of type [com.baomidou.mybatisplus.spring.boot.starter.MybatisPlusProperties] is not eligible for getting processed by all BeanPostProcessors (for example: not eligible for auto-proxying)
2019-01-21 15:29:02,278 [INFO] [main] o.s.c.s.PostProcessorRegistrationDelegate$BeanPostProcessorChecker [Jdk14Logger.java : 99] Bean 'mybatisPlusConfig' of type [io.renren.common.config.MybatisPlusConfig$$EnhancerBySpringCGLIB$$8118bf17] is not eligible for getting processed by all BeanPostProcessors (for example: not eligible for auto-proxying)
2019-01-21 15:29:02,326 [INFO] [main] o.s.c.s.PostProcessorRegistrationDelegate$BeanPostProcessorChecker [Jdk14Logger.java : 99] Bean 'paginationInterceptor' of type [com.baomidou.mybatisplus.plugins.PaginationInterceptor] is not eligible for getting processed by all BeanPostProcessors (for example: not eligible for auto-proxying)
2019-01-21 15:29:02,337 [INFO] [main] o.s.c.s.PostProcessorRegistrationDelegate$BeanPostProcessorChecker [Jdk14Logger.java : 99] Bean 'com.baomidou.mybatisplus.spring.boot.starter.MybatisPlusAutoConfiguration' of type [com.baomidou.mybatisplus.spring.boot.starter.MybatisPlusAutoConfiguration$$EnhancerBySpringCGLIB$$7d2a118f] is not eligible for getting processed by all BeanPostProcessors (for example: not eligible for auto-proxying)
2019-01-21 15:29:02,345 [INFO] [main] o.s.c.s.PostProcessorRegistrationDelegate$BeanPostProcessorChecker [Jdk14Logger.java : 99] Bean 'dynamicDataSourceConfig' of type [io.renren.datasources.DynamicDataSourceConfig$$EnhancerBySpringCGLIB$$f76c10b7] is not eligible for getting processed by all BeanPostProcessors (for example: not eligible for auto-proxying)
2019-01-21 15:29:02,431 [INFO] [main] o.s.c.s.PostProcessorRegistrationDelegate$BeanPostProcessorChecker [Jdk14Logger.java : 99] Bean 'spring.datasource-org.springframework.boot.autoconfigure.jdbc.DataSourceProperties' of type [org.springframework.boot.autoconfigure.jdbc.DataSourceProperties] is not eligible for getting processed by all BeanPostProcessors (for example: not eligible for auto-proxying)
2019-01-21 15:29:02,442 [INFO] [main] o.s.c.s.PostProcessorRegistrationDelegate$BeanPostProcessorChecker [Jdk14Logger.java : 99] Bean 'com.alibaba.druid.spring.boot.autoconfigure.stat.DruidFilterConfiguration' of type [com.alibaba.druid.spring.boot.autoconfigure.stat.DruidFilterConfiguration] is not eligible for getting processed by all BeanPostProcessors (for example: not eligible for auto-proxying)
2019-01-21 15:29:02,490 [INFO] [main] o.s.c.s.PostProcessorRegistrationDelegate$BeanPostProcessorChecker [Jdk14Logger.java : 99] Bean 'statFilter' of type [com.alibaba.druid.filter.stat.StatFilter] is not eligible for getting processed by all BeanPostProcessors (for example: not eligible for auto-proxying)
2019-01-21 15:29:02,519 [INFO] [main] o.s.c.s.PostProcessorRegistrationDelegate$BeanPostProcessorChecker [Jdk14Logger.java : 99] Bean 'firstDataSource' of type [com.alibaba.druid.spring.boot.autoconfigure.DruidDataSourceWrapper] is not eligible for getting processed by all BeanPostProcessors (for example: not eligible for auto-proxying)
2019-01-21 15:29:02,548 [INFO] [main] o.s.c.s.PostProcessorRegistrationDelegate$BeanPostProcessorChecker [Jdk14Logger.java : 99] Bean 'secondDataSource' of type [com.alibaba.druid.spring.boot.autoconfigure.DruidDataSourceWrapper] is not eligible for getting processed by all BeanPostProcessors (for example: not eligible for auto-proxying)
2019-01-21 15:29:02,561 [INFO] [main] o.s.c.s.PostProcessorRegistrationDelegate$BeanPostProcessorChecker [Jdk14Logger.java : 99] Bean 'dataSource' of type [io.renren.datasources.DynamicDataSource] is not eligible for getting processed by all BeanPostProcessors (for example: not eligible for auto-proxying)
2019-01-21 15:29:02,851 [INFO] [main] com.alibaba.druid.pool.DruidDataSource [DruidDataSource.java : 930] {dataSource-1} inited
2019-01-21 15:29:04,058 [INFO] [main] o.s.c.s.PostProcessorRegistrationDelegate$BeanPostProcessorChecker [Jdk14Logger.java : 99] Bean 'sqlSessionFactory' of type [org.apache.ibatis.session.defaults.DefaultSqlSessionFactory] is not eligible for getting processed by all BeanPostProcessors (for example: not eligible for auto-proxying)
2019-01-21 15:29:04,067 [INFO] [main] o.s.c.s.PostProcessorRegistrationDelegate$BeanPostProcessorChecker [Jdk14Logger.java : 99] Bean 'sqlSessionTemplate' of type [org.mybatis.spring.SqlSessionTemplate] is not eligible for getting processed by all BeanPostProcessors (for example: not eligible for auto-proxying)
2019-01-21 15:29:04,070 [INFO] [main] o.s.c.s.PostProcessorRegistrationDelegate$BeanPostProcessorChecker [Jdk14Logger.java : 99] Bean 'sysUserDao' of type [org.mybatis.spring.mapper.MapperFactoryBean] is not eligible for getting processed by all BeanPostProcessors (for example: not eligible for auto-proxying)
2019-01-21 15:29:04,081 [INFO] [main] o.s.c.s.PostProcessorRegistrationDelegate$BeanPostProcessorChecker [Jdk14Logger.java : 99] Bean 'sysUserDao' of type [com.sun.proxy.$Proxy77] is not eligible for getting processed by all BeanPostProcessors (for example: not eligible for auto-proxying)
2019-01-21 15:29:04,085 [INFO] [main] o.s.c.s.PostProcessorRegistrationDelegate$BeanPostProcessorChecker [Jdk14Logger.java : 99] Bean 'sysMenuDao' of type [org.mybatis.spring.mapper.MapperFactoryBean] is not eligible for getting processed by all BeanPostProcessors (for example: not eligible for auto-proxying)
2019-01-21 15:29:04,094 [INFO] [main] o.s.c.s.PostProcessorRegistrationDelegate$BeanPostProcessorChecker [Jdk14Logger.java : 99] Bean 'sysMenuDao' of type [com.sun.proxy.$Proxy78] is not eligible for getting processed by all BeanPostProcessors (for example: not eligible for auto-proxying)
2019-01-21 15:29:04,095 [INFO] [main] o.s.c.s.PostProcessorRegistrationDelegate$BeanPostProcessorChecker [Jdk14Logger.java : 99] Bean 'userRealm' of type [io.renren.modules.sys.shiro.UserRealm] is not eligible for getting processed by all BeanPostProcessors (for example: not eligible for auto-proxying)
2019-01-21 15:29:04,136 [INFO] [main] o.s.c.s.PostProcessorRegistrationDelegate$BeanPostProcessorChecker [Jdk14Logger.java : 99] Bean 'spring.redis-org.springframework.boot.autoconfigure.data.redis.RedisProperties' of type [org.springframework.boot.autoconfigure.data.redis.RedisProperties] is not eligible for getting processed by all BeanPostProcessors (for example: not eligible for auto-proxying)
2019-01-21 15:29:04,147 [INFO] [main] o.s.c.s.PostProcessorRegistrationDelegate$BeanPostProcessorChecker [Jdk14Logger.java : 99] Bean 'org.springframework.boot.autoconfigure.data.redis.LettuceConnectionConfiguration' of type [org.springframework.boot.autoconfigure.data.redis.LettuceConnectionConfiguration$$EnhancerBySpringCGLIB$$44a4317c] is not eligible for getting processed by all BeanPostProcessors (for example: not eligible for auto-proxying)
2019-01-21 15:29:04,430 [INFO] [main] o.s.c.s.PostProcessorRegistrationDelegate$BeanPostProcessorChecker [Jdk14Logger.java : 99] Bean 'lettuceClientResources' of type [io.lettuce.core.resource.DefaultClientResources] is not eligible for getting processed by all BeanPostProcessors (for example: not eligible for auto-proxying)
2019-01-21 15:29:04,585 [INFO] [main] o.s.c.s.PostProcessorRegistrationDelegate$BeanPostProcessorChecker [Jdk14Logger.java : 99] Bean 'redisConnectionFactory' of type [org.springframework.data.redis.connection.lettuce.LettuceConnectionFactory] is not eligible for getting processed by all BeanPostProcessors (for example: not eligible for auto-proxying)
2019-01-21 15:29:04,586 [INFO] [main] o.s.c.s.PostProcessorRegistrationDelegate$BeanPostProcessorChecker [Jdk14Logger.java : 99] Bean 'redisConfig' of type [io.renren.common.config.RedisConfig$$EnhancerBySpringCGLIB$$20643485] is not eligible for getting processed by all BeanPostProcessors (for example: not eligible for auto-proxying)
2019-01-21 15:29:04,628 [INFO] [main] o.s.c.s.PostProcessorRegistrationDelegate$BeanPostProcessorChecker [Jdk14Logger.java : 99] Bean 'redisTemplate' of type [org.springframework.data.redis.core.RedisTemplate] is not eligible for getting processed by all BeanPostProcessors (for example: not eligible for auto-proxying)
2019-01-21 15:29:04,629 [INFO] [main] o.s.c.s.PostProcessorRegistrationDelegate$BeanPostProcessorChecker [Jdk14Logger.java : 99] Bean 'redisShiroSessionDAO' of type [io.renren.modules.sys.shiro.RedisShiroSessionDAO] is not eligible for getting processed by all BeanPostProcessors (for example: not eligible for auto-proxying)
2019-01-21 15:29:04,659 [INFO] [main] o.s.c.s.PostProcessorRegistrationDelegate$BeanPostProcessorChecker [Jdk14Logger.java : 99] Bean 'sessionManager' of type [org.apache.shiro.web.session.mgt.DefaultWebSessionManager] is not eligible for getting processed by all BeanPostProcessors (for example: not eligible for auto-proxying)
2019-01-21 15:29:04,709 [INFO] [main] o.s.c.s.PostProcessorRegistrationDelegate$BeanPostProcessorChecker [Jdk14Logger.java : 99] Bean 'securityManager' of type [org.apache.shiro.web.mgt.DefaultWebSecurityManager] is not eligible for getting processed by all BeanPostProcessors (for example: not eligible for auto-proxying)
2019-01-21 15:29:04,826 [INFO] [main] o.s.c.s.PostProcessorRegistrationDelegate$BeanPostProcessorChecker [Jdk14Logger.java : 99] Bean 'authorizationAttributeSourceAdvisor' of type [org.apache.shiro.spring.security.interceptor.AuthorizationAttributeSourceAdvisor] is not eligible for getting processed by all BeanPostProcessors (for example: not eligible for auto-proxying)
2019-01-21 15:29:04,935 [INFO] [main] o.s.c.s.PostProcessorRegistrationDelegate$BeanPostProcessorChecker [Jdk14Logger.java : 99] Bean 'org.springframework.transaction.annotation.ProxyTransactionManagementConfiguration' of type [org.springframework.transaction.annotation.ProxyTransactionManagementConfiguration$$EnhancerBySpringCGLIB$$2f8a7332] is not eligible for getting processed by all BeanPostProcessors (for example: not eligible for auto-proxying)
2019-01-21 15:29:05,622 [ERROR] [main] org.apache.catalina.core.AprLifecycleListener [DirectJDKLog.java : 180] An incompatible version [1.2.10] of the APR based Apache Tomcat Native library is installed, while Tomcat requires version [1.2.14]
2019-01-21 15:29:05,943 [INFO] [main] org.springframework.boot.web.embedded.tomcat.TomcatWebServer [Jdk14Logger.java : 99] Tomcat initialized with port(s): 8080 (http)
2019-01-21 15:29:05,995 [ERROR] [main] org.apache.catalina.core.AprLifecycleListener [DirectJDKLog.java : 180] An incompatible version [1.2.10] of the APR based Apache Tomcat Native library is installed, while Tomcat requires version [1.2.14]
2019-01-21 15:29:06,018 [INFO] [main] org.apache.catalina.core.StandardService [DirectJDKLog.java : 180] Starting service [Tomcat]
2019-01-21 15:29:06,018 [INFO] [main] org.apache.catalina.core.StandardEngine [DirectJDKLog.java : 180] Starting Servlet Engine: Apache Tomcat/8.5.31
2019-01-21 15:29:06,031 [ERROR] [localhost-startStop-1] org.apache.catalina.core.AprLifecycleListener [DirectJDKLog.java : 180] An incompatible version [1.2.10] of the APR based Apache Tomcat Native library is installed, while Tomcat requires version [1.2.14]
2019-01-21 15:29:06,360 [INFO] [localhost-startStop-1] o.a.c.c.ContainerBase.[Tomcat].[localhost].[/renren-admin] [DirectJDKLog.java : 180] Initializing Spring embedded WebApplicationContext
2019-01-21 15:29:06,360 [INFO] [localhost-startStop-1] org.springframework.web.context.ContextLoader [Jdk14Logger.java : 99] Root WebApplicationContext: initialization completed in 7637 ms
2019-01-21 15:29:06,786 [INFO] [localhost-startStop-1] org.springframework.boot.web.servlet.FilterRegistrationBean [Jdk14Logger.java : 99] Mapping filter: 'characterEncodingFilter' to: [/*]
2019-01-21 15:29:06,787 [INFO] [localhost-startStop-1] org.springframework.boot.web.servlet.FilterRegistrationBean [Jdk14Logger.java : 99] Mapping filter: 'hiddenHttpMethodFilter' to: [/*]
2019-01-21 15:29:06,787 [INFO] [localhost-startStop-1] org.springframework.boot.web.servlet.FilterRegistrationBean [Jdk14Logger.java : 99] Mapping filter: 'httpPutFormContentFilter' to: [/*]
2019-01-21 15:29:06,787 [INFO] [localhost-startStop-1] org.springframework.boot.web.servlet.FilterRegistrationBean [Jdk14Logger.java : 99] Mapping filter: 'requestContextFilter' to: [/*]
2019-01-21 15:29:06,787 [INFO] [localhost-startStop-1] org.springframework.boot.web.servlet.FilterRegistrationBean [Jdk14Logger.java : 99] Mapping filter: 'delegatingFilterProxy' to urls: [/*]
2019-01-21 15:29:06,788 [INFO] [localhost-startStop-1] org.springframework.boot.web.servlet.FilterRegistrationBean [Jdk14Logger.java : 99] Mapping filter: 'xssFilter' to urls: [/*]
2019-01-21 15:29:06,788 [INFO] [localhost-startStop-1] org.springframework.boot.web.servlet.FilterRegistrationBean [Jdk14Logger.java : 99] Mapping filter: 'webStatFilter' to urls: [/*]
2019-01-21 15:29:06,788 [INFO] [localhost-startStop-1] org.springframework.boot.web.servlet.FilterRegistrationBean [Jdk14Logger.java : 99] Mapping filter: 'shiroFilter' to: [/*]
2019-01-21 15:29:06,788 [INFO] [localhost-startStop-1] org.springframework.boot.web.servlet.ServletRegistrationBean [Jdk14Logger.java : 99] Servlet dispatcherServlet mapped to [/]
2019-01-21 15:29:06,791 [INFO] [localhost-startStop-1] org.springframework.boot.web.servlet.ServletRegistrationBean [Jdk14Logger.java : 99] Servlet statViewServlet mapped to [/druid/*]
2019-01-21 15:29:07,933 [INFO] [main] org.quartz.impl.StdSchedulerFactory [StdSchedulerFactory.java : 1208] Using default implementation for ThreadExecutor
2019-01-21 15:29:07,962 [INFO] [main] org.quartz.core.SchedulerSignalerImpl [SchedulerSignalerImpl.java : 61] Initialized Scheduler Signaller of type: class org.quartz.core.SchedulerSignalerImpl
2019-01-21 15:29:07,962 [INFO] [main] org.quartz.core.QuartzScheduler [QuartzScheduler.java : 229] Quartz Scheduler v.2.3.0 created.
2019-01-21 15:29:07,970 [INFO] [main] o.springframework.scheduling.quartz.LocalDataSourceJobStore [JobStoreSupport.java : 672] Using db table-based data access locking (synchronization).
2019-01-21 15:29:07,975 [INFO] [main] o.springframework.scheduling.quartz.LocalDataSourceJobStore [JobStoreCMT.java : 145] JobStoreCMT initialized.
2019-01-21 15:29:07,977 [INFO] [main] org.quartz.core.QuartzScheduler [QuartzScheduler.java : 294] Scheduler meta-data: Quartz Scheduler (v2.3.0) 'RenrenScheduler' with instanceId 'DESKTOP-SK775161548055747935'
  Scheduler class: 'org.quartz.core.QuartzScheduler' - running locally.
  NOT STARTED.
  Currently in standby mode.
  Number of jobs executed: 0
  Using thread pool 'org.quartz.simpl.SimpleThreadPool' - with 20 threads.
  Using job-store 'org.springframework.scheduling.quartz.LocalDataSourceJobStore' - which supports persistence. and is clustered.

2019-01-21 15:29:07,978 [INFO] [main] org.quartz.impl.StdSchedulerFactory [StdSchedulerFactory.java : 1362] Quartz scheduler 'RenrenScheduler' initialized from an externally provided properties instance.
2019-01-21 15:29:07,978 [INFO] [main] org.quartz.impl.StdSchedulerFactory [StdSchedulerFactory.java : 1366] Quartz scheduler version: 2.3.0
2019-01-21 15:29:07,980 [INFO] [main] org.quartz.core.QuartzScheduler [QuartzScheduler.java : 2287] JobFactory set to: org.springframework.scheduling.quartz.AdaptableJobFactory@1b23214d
2019-01-21 15:29:08,115 [DEBUG] [main] io.renren.modules.job.dao.ScheduleJobDao.selectList [BaseJdbcLogger.java : 159] ==>  Preparing: SELECT job_id AS jobId,bean_name AS beanName,method_name AS methodName,params,cron_expression AS cronExpression,`status`,remark,create_time AS createTime FROM schedule_job 
2019-01-21 15:29:08,181 [DEBUG] [main] io.renren.modules.job.dao.ScheduleJobDao.selectList [BaseJdbcLogger.java : 159] ==> Parameters: 
2019-01-21 15:29:08,289 [DEBUG] [main] io.renren.modules.job.dao.ScheduleJobDao.selectList [BaseJdbcLogger.java : 159] <==      Total: 2
2019-01-21 15:29:10,321 [INFO] [main] o.s.w.s.mvc.method.annotation.RequestMappingHandlerMapping [Jdk14Logger.java : 99] Mapped "{[/sys/schedule/run]}" onto public io.renren.common.utils.R io.renren.modules.job.controller.ScheduleJobController.run(java.lang.Long[])
2019-01-21 15:29:10,323 [INFO] [main] o.s.w.s.mvc.method.annotation.RequestMappingHandlerMapping [Jdk14Logger.java : 99] Mapped "{[/sys/schedule/update]}" onto public io.renren.common.utils.R io.renren.modules.job.controller.ScheduleJobController.update(io.renren.modules.job.entity.ScheduleJobEntity)
2019-01-21 15:29:10,324 [INFO] [main] o.s.w.s.mvc.method.annotation.RequestMappingHandlerMapping [Jdk14Logger.java : 99] Mapped "{[/sys/schedule/delete]}" onto public io.renren.common.utils.R io.renren.modules.job.controller.ScheduleJobController.delete(java.lang.Long[])
2019-01-21 15:29:10,324 [INFO] [main] o.s.w.s.mvc.method.annotation.RequestMappingHandlerMapping [Jdk14Logger.java : 99] Mapped "{[/sys/schedule/resume]}" onto public io.renren.common.utils.R io.renren.modules.job.controller.ScheduleJobController.resume(java.lang.Long[])
2019-01-21 15:29:10,324 [INFO] [main] o.s.w.s.mvc.method.annotation.RequestMappingHandlerMapping [Jdk14Logger.java : 99] Mapped "{[/sys/schedule/list]}" onto public io.renren.common.utils.R io.renren.modules.job.controller.ScheduleJobController.list(java.util.Map<java.lang.String, java.lang.Object>)
2019-01-21 15:29:10,325 [INFO] [main] o.s.w.s.mvc.method.annotation.RequestMappingHandlerMapping [Jdk14Logger.java : 99] Mapped "{[/sys/schedule/save]}" onto public io.renren.common.utils.R io.renren.modules.job.controller.ScheduleJobController.save(io.renren.modules.job.entity.ScheduleJobEntity)
2019-01-21 15:29:10,325 [INFO] [main] o.s.w.s.mvc.method.annotation.RequestMappingHandlerMapping [Jdk14Logger.java : 99] Mapped "{[/sys/schedule/info/{jobId}]}" onto public io.renren.common.utils.R io.renren.modules.job.controller.ScheduleJobController.info(java.lang.Long)
2019-01-21 15:29:10,326 [INFO] [main] o.s.w.s.mvc.method.annotation.RequestMappingHandlerMapping [Jdk14Logger.java : 99] Mapped "{[/sys/schedule/pause]}" onto public io.renren.common.utils.R io.renren.modules.job.controller.ScheduleJobController.pause(java.lang.Long[])
2019-01-21 15:29:10,327 [INFO] [main] o.s.w.s.mvc.method.annotation.RequestMappingHandlerMapping [Jdk14Logger.java : 99] Mapped "{[/sys/scheduleLog/list]}" onto public io.renren.common.utils.R io.renren.modules.job.controller.ScheduleJobLogController.list(java.util.Map<java.lang.String, java.lang.Object>)
2019-01-21 15:29:10,327 [INFO] [main] o.s.w.s.mvc.method.annotation.RequestMappingHandlerMapping [Jdk14Logger.java : 99] Mapped "{[/sys/scheduleLog/info/{logId}]}" onto public io.renren.common.utils.R io.renren.modules.job.controller.ScheduleJobLogController.info(java.lang.Long)
2019-01-21 15:29:10,329 [INFO] [main] o.s.w.s.mvc.method.annotation.RequestMappingHandlerMapping [Jdk14Logger.java : 99] Mapped "{[/sys/oss/delete]}" onto public io.renren.common.utils.R io.renren.modules.oss.controller.SysOssController.delete(java.lang.Long[])
2019-01-21 15:29:10,329 [INFO] [main] o.s.w.s.mvc.method.annotation.RequestMappingHandlerMapping [Jdk14Logger.java : 99] Mapped "{[/sys/oss/list]}" onto public io.renren.common.utils.R io.renren.modules.oss.controller.SysOssController.list(java.util.Map<java.lang.String, java.lang.Object>)
2019-01-21 15:29:10,330 [INFO] [main] o.s.w.s.mvc.method.annotation.RequestMappingHandlerMapping [Jdk14Logger.java : 99] Mapped "{[/sys/oss/config]}" onto public io.renren.common.utils.R io.renren.modules.oss.controller.SysOssController.config()
2019-01-21 15:29:10,330 [INFO] [main] o.s.w.s.mvc.method.annotation.RequestMappingHandlerMapping [Jdk14Logger.java : 99] Mapped "{[/sys/oss/saveConfig]}" onto public io.renren.common.utils.R io.renren.modules.oss.controller.SysOssController.saveConfig(io.renren.modules.oss.cloud.CloudStorageConfig)
2019-01-21 15:29:10,331 [INFO] [main] o.s.w.s.mvc.method.annotation.RequestMappingHandlerMapping [Jdk14Logger.java : 99] Mapped "{[/sys/oss/upload]}" onto public io.renren.common.utils.R io.renren.modules.oss.controller.SysOssController.upload(org.springframework.web.multipart.MultipartFile) throws java.lang.Exception
2019-01-21 15:29:10,335 [INFO] [main] o.s.w.s.mvc.method.annotation.RequestMappingHandlerMapping [Jdk14Logger.java : 99] Mapped "{[/sys/config/update]}" onto public io.renren.common.utils.R io.renren.modules.sys.controller.SysConfigController.update(io.renren.modules.sys.entity.SysConfigEntity)
2019-01-21 15:29:10,336 [INFO] [main] o.s.w.s.mvc.method.annotation.RequestMappingHandlerMapping [Jdk14Logger.java : 99] Mapped "{[/sys/config/delete]}" onto public io.renren.common.utils.R io.renren.modules.sys.controller.SysConfigController.delete(java.lang.Long[])
2019-01-21 15:29:10,336 [INFO] [main] o.s.w.s.mvc.method.annotation.RequestMappingHandlerMapping [Jdk14Logger.java : 99] Mapped "{[/sys/config/list]}" onto public io.renren.common.utils.R io.renren.modules.sys.controller.SysConfigController.list(java.util.Map<java.lang.String, java.lang.Object>)
2019-01-21 15:29:10,337 [INFO] [main] o.s.w.s.mvc.method.annotation.RequestMappingHandlerMapping [Jdk14Logger.java : 99] Mapped "{[/sys/config/save]}" onto public io.renren.common.utils.R io.renren.modules.sys.controller.SysConfigController.save(io.renren.modules.sys.entity.SysConfigEntity)
2019-01-21 15:29:10,337 [INFO] [main] o.s.w.s.mvc.method.annotation.RequestMappingHandlerMapping [Jdk14Logger.java : 99] Mapped "{[/sys/config/info/{id}]}" onto public io.renren.common.utils.R io.renren.modules.sys.controller.SysConfigController.info(java.lang.Long)
2019-01-21 15:29:10,339 [INFO] [main] o.s.w.s.mvc.method.annotation.RequestMappingHandlerMapping [Jdk14Logger.java : 99] Mapped "{[/sys/dept/update]}" onto public io.renren.common.utils.R io.renren.modules.sys.controller.SysDeptController.update(io.renren.modules.sys.entity.SysDeptEntity)
2019-01-21 15:29:10,340 [INFO] [main] o.s.w.s.mvc.method.annotation.RequestMappingHandlerMapping [Jdk14Logger.java : 99] Mapped "{[/sys/dept/delete]}" onto public io.renren.common.utils.R io.renren.modules.sys.controller.SysDeptController.delete(long)
2019-01-21 15:29:10,340 [INFO] [main] o.s.w.s.mvc.method.annotation.RequestMappingHandlerMapping [Jdk14Logger.java : 99] Mapped "{[/sys/dept/list]}" onto public java.util.List<io.renren.modules.sys.entity.SysDeptEntity> io.renren.modules.sys.controller.SysDeptController.list()
2019-01-21 15:29:10,341 [INFO] [main] o.s.w.s.mvc.method.annotation.RequestMappingHandlerMapping [Jdk14Logger.java : 99] Mapped "{[/sys/dept/save]}" onto public io.renren.common.utils.R io.renren.modules.sys.controller.SysDeptController.save(io.renren.modules.sys.entity.SysDeptEntity)
2019-01-21 15:29:10,341 [INFO] [main] o.s.w.s.mvc.method.annotation.RequestMappingHandlerMapping [Jdk14Logger.java : 99] Mapped "{[/sys/dept/info]}" onto public io.renren.common.utils.R io.renren.modules.sys.controller.SysDeptController.info()
2019-01-21 15:29:10,341 [INFO] [main] o.s.w.s.mvc.method.annotation.RequestMappingHandlerMapping [Jdk14Logger.java : 99] Mapped "{[/sys/dept/info/{deptId}]}" onto public io.renren.common.utils.R io.renren.modules.sys.controller.SysDeptController.info(java.lang.Long)
2019-01-21 15:29:10,342 [INFO] [main] o.s.w.s.mvc.method.annotation.RequestMappingHandlerMapping [Jdk14Logger.java : 99] Mapped "{[/sys/dept/select]}" onto public io.renren.common.utils.R io.renren.modules.sys.controller.SysDeptController.select()
2019-01-21 15:29:10,343 [INFO] [main] o.s.w.s.mvc.method.annotation.RequestMappingHandlerMapping [Jdk14Logger.java : 99] Mapped "{[/sys/dict/update]}" onto public io.renren.common.utils.R io.renren.modules.sys.controller.SysDictController.update(io.renren.modules.sys.entity.SysDictEntity)
2019-01-21 15:29:10,344 [INFO] [main] o.s.w.s.mvc.method.annotation.RequestMappingHandlerMapping [Jdk14Logger.java : 99] Mapped "{[/sys/dict/delete]}" onto public io.renren.common.utils.R io.renren.modules.sys.controller.SysDictController.delete(java.lang.Long[])
2019-01-21 15:29:10,344 [INFO] [main] o.s.w.s.mvc.method.annotation.RequestMappingHandlerMapping [Jdk14Logger.java : 99] Mapped "{[/sys/dict/list]}" onto public io.renren.common.utils.R io.renren.modules.sys.controller.SysDictController.list(java.util.Map<java.lang.String, java.lang.Object>)
2019-01-21 15:29:10,345 [INFO] [main] o.s.w.s.mvc.method.annotation.RequestMappingHandlerMapping [Jdk14Logger.java : 99] Mapped "{[/sys/dict/save]}" onto public io.renren.common.utils.R io.renren.modules.sys.controller.SysDictController.save(io.renren.modules.sys.entity.SysDictEntity)
2019-01-21 15:29:10,345 [INFO] [main] o.s.w.s.mvc.method.annotation.RequestMappingHandlerMapping [Jdk14Logger.java : 99] Mapped "{[/sys/dict/info/{id}]}" onto public io.renren.common.utils.R io.renren.modules.sys.controller.SysDictController.info(java.lang.Long)
2019-01-21 15:29:10,346 [INFO] [main] o.s.w.s.mvc.method.annotation.RequestMappingHandlerMapping [Jdk14Logger.java : 99] Mapped "{[/sys/log/list]}" onto public io.renren.common.utils.R io.renren.modules.sys.controller.SysLogController.list(java.util.Map<java.lang.String, java.lang.Object>)
2019-01-21 15:29:10,347 [INFO] [main] o.s.w.s.mvc.method.annotation.RequestMappingHandlerMapping [Jdk14Logger.java : 99] Mapped "{[/captcha.jpg]}" onto public void io.renren.modules.sys.controller.SysLoginController.captcha(javax.servlet.http.HttpServletResponse) throws java.io.IOException
2019-01-21 15:29:10,347 [INFO] [main] o.s.w.s.mvc.method.annotation.RequestMappingHandlerMapping [Jdk14Logger.java : 99] Mapped "{[/sys/login],methods=[POST]}" onto public io.renren.common.utils.R io.renren.modules.sys.controller.SysLoginController.login(java.lang.String,java.lang.String,java.lang.String)
2019-01-21 15:29:10,348 [INFO] [main] o.s.w.s.mvc.method.annotation.RequestMappingHandlerMapping [Jdk14Logger.java : 99] Mapped "{[/logout],methods=[GET]}" onto public java.lang.String io.renren.modules.sys.controller.SysLoginController.logout()
2019-01-21 15:29:10,349 [INFO] [main] o.s.w.s.mvc.method.annotation.RequestMappingHandlerMapping [Jdk14Logger.java : 99] Mapped "{[/sys/menu/update]}" onto public io.renren.common.utils.R io.renren.modules.sys.controller.SysMenuController.update(io.renren.modules.sys.entity.SysMenuEntity)
2019-01-21 15:29:10,349 [INFO] [main] o.s.w.s.mvc.method.annotation.RequestMappingHandlerMapping [Jdk14Logger.java : 99] Mapped "{[/sys/menu/delete]}" onto public io.renren.common.utils.R io.renren.modules.sys.controller.SysMenuController.delete(long)
2019-01-21 15:29:10,350 [INFO] [main] o.s.w.s.mvc.method.annotation.RequestMappingHandlerMapping [Jdk14Logger.java : 99] Mapped "{[/sys/menu/list]}" onto public java.util.List<io.renren.modules.sys.entity.SysMenuEntity> io.renren.modules.sys.controller.SysMenuController.list()
2019-01-21 15:29:10,350 [INFO] [main] o.s.w.s.mvc.method.annotation.RequestMappingHandlerMapping [Jdk14Logger.java : 99] Mapped "{[/sys/menu/save]}" onto public io.renren.common.utils.R io.renren.modules.sys.controller.SysMenuController.save(io.renren.modules.sys.entity.SysMenuEntity)
2019-01-21 15:29:10,351 [INFO] [main] o.s.w.s.mvc.method.annotation.RequestMappingHandlerMapping [Jdk14Logger.java : 99] Mapped "{[/sys/menu/info/{menuId}]}" onto public io.renren.common.utils.R io.renren.modules.sys.controller.SysMenuController.info(java.lang.Long)
2019-01-21 15:29:10,351 [INFO] [main] o.s.w.s.mvc.method.annotation.RequestMappingHandlerMapping [Jdk14Logger.java : 99] Mapped "{[/sys/menu/select]}" onto public io.renren.common.utils.R io.renren.modules.sys.controller.SysMenuController.select()
2019-01-21 15:29:10,351 [INFO] [main] o.s.w.s.mvc.method.annotation.RequestMappingHandlerMapping [Jdk14Logger.java : 99] Mapped "{[/sys/menu/nav]}" onto public io.renren.common.utils.R io.renren.modules.sys.controller.SysMenuController.nav()
2019-01-21 15:29:10,352 [INFO] [main] o.s.w.s.mvc.method.annotation.RequestMappingHandlerMapping [Jdk14Logger.java : 99] Mapped "{[/ || /index.html]}" onto public java.lang.String io.renren.modules.sys.controller.SysPageController.index()
2019-01-21 15:29:10,353 [INFO] [main] o.s.w.s.mvc.method.annotation.RequestMappingHandlerMapping [Jdk14Logger.java : 99] Mapped "{[/main.html]}" onto public java.lang.String io.renren.modules.sys.controller.SysPageController.main()
2019-01-21 15:29:10,353 [INFO] [main] o.s.w.s.mvc.method.annotation.RequestMappingHandlerMapping [Jdk14Logger.java : 99] Mapped "{[/index1.html]}" onto public java.lang.String io.renren.modules.sys.controller.SysPageController.index1()
2019-01-21 15:29:10,353 [INFO] [main] o.s.w.s.mvc.method.annotation.RequestMappingHandlerMapping [Jdk14Logger.java : 99] Mapped "{[/modules/{module}/{url}.html]}" onto public java.lang.String io.renren.modules.sys.controller.SysPageController.module(java.lang.String,java.lang.String)
2019-01-21 15:29:10,353 [INFO] [main] o.s.w.s.mvc.method.annotation.RequestMappingHandlerMapping [Jdk14Logger.java : 99] Mapped "{[/login.html]}" onto public java.lang.String io.renren.modules.sys.controller.SysPageController.login()
2019-01-21 15:29:10,354 [INFO] [main] o.s.w.s.mvc.method.annotation.RequestMappingHandlerMapping [Jdk14Logger.java : 99] Mapped "{[/404.html]}" onto public java.lang.String io.renren.modules.sys.controller.SysPageController.notFound()
2019-01-21 15:29:10,355 [INFO] [main] o.s.w.s.mvc.method.annotation.RequestMappingHandlerMapping [Jdk14Logger.java : 99] Mapped "{[/sys/role/update]}" onto public io.renren.common.utils.R io.renren.modules.sys.controller.SysRoleController.update(io.renren.modules.sys.entity.SysRoleEntity)
2019-01-21 15:29:10,355 [INFO] [main] o.s.w.s.mvc.method.annotation.RequestMappingHandlerMapping [Jdk14Logger.java : 99] Mapped "{[/sys/role/delete]}" onto public io.renren.common.utils.R io.renren.modules.sys.controller.SysRoleController.delete(java.lang.Long[])
2019-01-21 15:29:10,356 [INFO] [main] o.s.w.s.mvc.method.annotation.RequestMappingHandlerMapping [Jdk14Logger.java : 99] Mapped "{[/sys/role/list]}" onto public io.renren.common.utils.R io.renren.modules.sys.controller.SysRoleController.list(java.util.Map<java.lang.String, java.lang.Object>)
2019-01-21 15:29:10,356 [INFO] [main] o.s.w.s.mvc.method.annotation.RequestMappingHandlerMapping [Jdk14Logger.java : 99] Mapped "{[/sys/role/save]}" onto public io.renren.common.utils.R io.renren.modules.sys.controller.SysRoleController.save(io.renren.modules.sys.entity.SysRoleEntity)
2019-01-21 15:29:10,357 [INFO] [main] o.s.w.s.mvc.method.annotation.RequestMappingHandlerMapping [Jdk14Logger.java : 99] Mapped "{[/sys/role/info/{roleId}]}" onto public io.renren.common.utils.R io.renren.modules.sys.controller.SysRoleController.info(java.lang.Long)
2019-01-21 15:29:10,357 [INFO] [main] o.s.w.s.mvc.method.annotation.RequestMappingHandlerMapping [Jdk14Logger.java : 99] Mapped "{[/sys/role/select]}" onto public io.renren.common.utils.R io.renren.modules.sys.controller.SysRoleController.select()
2019-01-21 15:29:10,358 [INFO] [main] o.s.w.s.mvc.method.annotation.RequestMappingHandlerMapping [Jdk14Logger.java : 99] Mapped "{[/sys/user/update]}" onto public io.renren.common.utils.R io.renren.modules.sys.controller.SysUserController.update(io.renren.modules.sys.entity.SysUserEntity)
2019-01-21 15:29:10,359 [INFO] [main] o.s.w.s.mvc.method.annotation.RequestMappingHandlerMapping [Jdk14Logger.java : 99] Mapped "{[/sys/user/delete]}" onto public io.renren.common.utils.R io.renren.modules.sys.controller.SysUserController.delete(java.lang.Long[])
2019-01-21 15:29:10,359 [INFO] [main] o.s.w.s.mvc.method.annotation.RequestMappingHandlerMapping [Jdk14Logger.java : 99] Mapped "{[/sys/user/list]}" onto public io.renren.common.utils.R io.renren.modules.sys.controller.SysUserController.list(java.util.Map<java.lang.String, java.lang.Object>)
2019-01-21 15:29:10,360 [INFO] [main] o.s.w.s.mvc.method.annotation.RequestMappingHandlerMapping [Jdk14Logger.java : 99] Mapped "{[/sys/user/save]}" onto public io.renren.common.utils.R io.renren.modules.sys.controller.SysUserController.save(io.renren.modules.sys.entity.SysUserEntity)
2019-01-21 15:29:10,360 [INFO] [main] o.s.w.s.mvc.method.annotation.RequestMappingHandlerMapping [Jdk14Logger.java : 99] Mapped "{[/sys/user/info]}" onto public io.renren.common.utils.R io.renren.modules.sys.controller.SysUserController.info()
2019-01-21 15:29:10,360 [INFO] [main] o.s.w.s.mvc.method.annotation.RequestMappingHandlerMapping [Jdk14Logger.java : 99] Mapped "{[/sys/user/info/{userId}]}" onto public io.renren.common.utils.R io.renren.modules.sys.controller.SysUserController.info(java.lang.Long)
2019-01-21 15:29:10,361 [INFO] [main] o.s.w.s.mvc.method.annotation.RequestMappingHandlerMapping [Jdk14Logger.java : 99] Mapped "{[/sys/user/password]}" onto public io.renren.common.utils.R io.renren.modules.sys.controller.SysUserController.password(java.lang.String,java.lang.String)
2019-01-21 15:29:10,368 [INFO] [main] o.s.w.s.mvc.method.annotation.RequestMappingHandlerMapping [Jdk14Logger.java : 99] Mapped "{[/swagger-resources]}" onto public org.springframework.http.ResponseEntity<java.util.List<springfox.documentation.swagger.web.SwaggerResource>> springfox.documentation.swagger.web.ApiResourceController.swaggerResources()
2019-01-21 15:29:10,368 [INFO] [main] o.s.w.s.mvc.method.annotation.RequestMappingHandlerMapping [Jdk14Logger.java : 99] Mapped "{[/swagger-resources/configuration/ui]}" onto public org.springframework.http.ResponseEntity<springfox.documentation.swagger.web.UiConfiguration> springfox.documentation.swagger.web.ApiResourceController.uiConfiguration()
2019-01-21 15:29:10,369 [INFO] [main] o.s.w.s.mvc.method.annotation.RequestMappingHandlerMapping [Jdk14Logger.java : 99] Mapped "{[/swagger-resources/configuration/security]}" onto public org.springframework.http.ResponseEntity<springfox.documentation.swagger.web.SecurityConfiguration> springfox.documentation.swagger.web.ApiResourceController.securityConfiguration()
2019-01-21 15:29:10,372 [INFO] [main] o.s.w.s.mvc.method.annotation.RequestMappingHandlerMapping [Jdk14Logger.java : 99] Mapped "{[/error]}" onto public org.springframework.http.ResponseEntity<java.util.Map<java.lang.String, java.lang.Object>> org.springframework.boot.autoconfigure.web.servlet.error.BasicErrorController.error(javax.servlet.http.HttpServletRequest)
2019-01-21 15:29:10,372 [INFO] [main] o.s.w.s.mvc.method.annotation.RequestMappingHandlerMapping [Jdk14Logger.java : 99] Mapped "{[/error],produces=[text/html]}" onto public org.springframework.web.servlet.ModelAndView org.springframework.boot.autoconfigure.web.servlet.error.BasicErrorController.errorHtml(javax.servlet.http.HttpServletRequest,javax.servlet.http.HttpServletResponse)
2019-01-21 15:29:10,770 [INFO] [main] o.s.web.servlet.view.freemarker.FreeMarkerConfigurer [Jdk14Logger.java : 99] ClassTemplateLoader for Spring macros added to FreeMarker configuration
2019-01-21 15:29:10,833 [INFO] [main] s.d.spring.web.PropertySourcedRequestMappingHandlerMapping [Jdk14Logger.java : 99] Mapped URL path [/v2/api-docs] onto method [public org.springframework.http.ResponseEntity<springfox.documentation.spring.web.json.Json> springfox.documentation.swagger2.web.Swagger2Controller.getDocumentation(java.lang.String,javax.servlet.http.HttpServletRequest)]
2019-01-21 15:29:11,169 [INFO] [main] o.s.web.servlet.handler.SimpleUrlHandlerMapping [Jdk14Logger.java : 99] Mapped URL path [/**/favicon.ico] onto handler of type [class org.springframework.web.servlet.resource.ResourceHttpRequestHandler]
2019-01-21 15:29:11,554 [INFO] [main] o.s.w.s.mvc.method.annotation.RequestMappingHandlerAdapter [Jdk14Logger.java : 99] Looking for @ControllerAdvice: org.springframework.boot.web.servlet.context.AnnotationConfigServletWebServerApplicationContext@44bbf5e3: startup date [Mon Jan 21 15:28:58 CST 2019]; root of context hierarchy
2019-01-21 15:29:11,690 [INFO] [main] o.s.web.servlet.handler.SimpleUrlHandlerMapping [Jdk14Logger.java : 99] Mapped URL path [/webjars/**] onto handler of type [class org.springframework.web.servlet.resource.ResourceHttpRequestHandler]
2019-01-21 15:29:11,691 [INFO] [main] o.s.web.servlet.handler.SimpleUrlHandlerMapping [Jdk14Logger.java : 99] Mapped URL path [/**] onto handler of type [class org.springframework.web.servlet.resource.ResourceHttpRequestHandler]
2019-01-21 15:29:11,691 [INFO] [main] o.s.web.servlet.handler.SimpleUrlHandlerMapping [Jdk14Logger.java : 99] Mapped URL path [/static/**] onto handler of type [class org.springframework.web.servlet.resource.ResourceHttpRequestHandler]
2019-01-21 15:29:11,731 [INFO] [main] o.s.w.s.m.m.annotation.ExceptionHandlerExceptionResolver [Jdk14Logger.java : 99] Detected @ExceptionHandler methods in RRExceptionHandler
2019-01-21 15:29:11,853 [INFO] [main] o.s.boot.autoconfigure.web.servlet.WelcomePageHandlerMapping [Jdk14Logger.java : 99] Adding welcome page template: index
2019-01-21 15:29:12,847 [INFO] [main] o.s.jmx.export.annotation.AnnotationMBeanExporter [Jdk14Logger.java : 99] Registering beans for JMX exposure on startup
2019-01-21 15:29:12,849 [INFO] [main] o.s.jmx.export.annotation.AnnotationMBeanExporter [Jdk14Logger.java : 99] Bean with name 'firstDataSource' has been autodetected for JMX exposure
2019-01-21 15:29:12,850 [INFO] [main] o.s.jmx.export.annotation.AnnotationMBeanExporter [Jdk14Logger.java : 99] Bean with name 'secondDataSource' has been autodetected for JMX exposure
2019-01-21 15:29:12,850 [INFO] [main] o.s.jmx.export.annotation.AnnotationMBeanExporter [Jdk14Logger.java : 99] Bean with name 'statFilter' has been autodetected for JMX exposure
2019-01-21 15:29:12,859 [INFO] [main] o.s.jmx.export.annotation.AnnotationMBeanExporter [Jdk14Logger.java : 99] Located MBean 'firstDataSource': registering with JMX server as MBean [com.alibaba.druid.spring.boot.autoconfigure:name=firstDataSource,type=DruidDataSourceWrapper]
2019-01-21 15:29:12,861 [INFO] [main] o.s.jmx.export.annotation.AnnotationMBeanExporter [Jdk14Logger.java : 99] Located MBean 'secondDataSource': registering with JMX server as MBean [com.alibaba.druid.spring.boot.autoconfigure:name=secondDataSource,type=DruidDataSourceWrapper]
2019-01-21 15:29:12,862 [INFO] [main] o.s.jmx.export.annotation.AnnotationMBeanExporter [Jdk14Logger.java : 99] Located MBean 'statFilter': registering with JMX server as MBean [com.alibaba.druid.filter.stat:name=statFilter,type=StatFilter]
2019-01-21 15:29:12,869 [INFO] [main] o.springframework.context.support.DefaultLifecycleProcessor [Jdk14Logger.java : 99] Starting beans in phase 2147483647
2019-01-21 15:29:12,869 [INFO] [main] s.d.spring.web.plugins.DocumentationPluginsBootstrapper [DocumentationPluginsBootstrapper.java : 147] Context refreshed
2019-01-21 15:29:12,899 [INFO] [main] s.d.spring.web.plugins.DocumentationPluginsBootstrapper [DocumentationPluginsBootstrapper.java : 150] Found 1 custom documentation plugin(s)
2019-01-21 15:29:12,966 [INFO] [main] s.d.spring.web.scanners.ApiListingReferenceScanner [ApiListingReferenceScanner.java : 41] Scanning for api listing references
2019-01-21 15:29:12,989 [INFO] [main] org.springframework.scheduling.quartz.SchedulerFactoryBean [Jdk14Logger.java : 99] Will start Quartz Scheduler [RenrenScheduler] in 30 seconds
2019-01-21 15:29:13,077 [INFO] [main] org.springframework.boot.web.embedded.tomcat.TomcatWebServer [Jdk14Logger.java : 99] Tomcat started on port(s): 8080 (http) with context path '/renren-admin'
2019-01-21 15:29:13,089 [INFO] [main] io.renren.AdminApplication [Jdk14Logger.java : 99] Started AdminApplication in 16.697 seconds (JVM running for 28.305)
2019-01-21 15:29:24,337 [ERROR] [http-nio-8080-exec-2] org.apache.catalina.core.AprLifecycleListener [DirectJDKLog.java : 180] An incompatible version [1.2.10] of the APR based Apache Tomcat Native library is installed, while Tomcat requires version [1.2.14]
2019-01-21 15:29:42,992 [INFO] [Quartz Scheduler [RenrenScheduler]] org.springframework.scheduling.quartz.SchedulerFactoryBean [Jdk14Logger.java : 99] Starting Quartz Scheduler now, after delay of 30 seconds
2019-01-21 15:29:43,014 [INFO] [Quartz Scheduler [RenrenScheduler]] o.springframework.scheduling.quartz.LocalDataSourceJobStore [JobStoreSupport.java : 3629] ClusterManager: detected 1 failed or restarted instances.
2019-01-21 15:29:43,015 [INFO] [Quartz Scheduler [RenrenScheduler]] o.springframework.scheduling.quartz.LocalDataSourceJobStore [JobStoreSupport.java : 3488] ClusterManager: Scanning for instance "DESKTOP-SK775161544777291907"'s failed in-progress jobs.
2019-01-21 15:29:43,019 [INFO] [Quartz Scheduler [RenrenScheduler]] org.quartz.core.QuartzScheduler [QuartzScheduler.java : 547] Scheduler RenrenScheduler_$_DESKTOP-SK775161548055747935 started.
2019-01-21 15:29:43,030 [INFO] [QuartzScheduler_RenrenScheduler-DESKTOP-SK775161548055747935_MisfireHandler] o.springframework.scheduling.quartz.LocalDataSourceJobStore [JobStoreSupport.java : 973] Handling 1 trigger(s) that missed their scheduled fire-time.
2019-01-21 15:30:00,045 [INFO] [RenrenScheduler_Worker-1] io.renren.modules.job.utils.ScheduleJob [ScheduleJob.java : 67] 任务准备执行，任务ID：1
2019-01-21 15:30:00,054 [INFO] [pool-4-thread-1] io.renren.modules.job.task.TestTask [TestTask.java : 43] 我是带参数的test方法，正在被执行，参数为：renren
2019-01-21 15:30:01,122 [DEBUG] [pool-4-thread-1] io.renren.modules.sys.dao.SysUserDao.selectById [BaseJdbcLogger.java : 159] ==>  Preparing: SELECT user_id AS userId,username,`password`,salt,email,mobile,`status`,create_time AS createTime,dept_id AS deptId FROM sys_user WHERE user_id=? 
2019-01-21 15:30:01,124 [DEBUG] [pool-4-thread-1] io.renren.modules.sys.dao.SysUserDao.selectById [BaseJdbcLogger.java : 159] ==> Parameters: 1(Long)
2019-01-21 15:30:01,142 [DEBUG] [pool-4-thread-1] io.renren.modules.sys.dao.SysUserDao.selectById [BaseJdbcLogger.java : 159] <==      Total: 1
2019-01-21 15:30:01,160 [INFO] [RenrenScheduler_Worker-1] io.renren.modules.job.utils.ScheduleJob [ScheduleJob.java : 80] 任务执行完毕，任务ID：1  总共耗时：1114毫秒
2019-01-21 15:30:01,207 [DEBUG] [RenrenScheduler_Worker-1] io.renren.modules.job.dao.ScheduleJobLogDao.insert [BaseJdbcLogger.java : 159] ==>  Preparing: INSERT INTO schedule_job_log ( job_id, bean_name, method_name, params, `status`, times, create_time ) VALUES ( ?, ?, ?, ?, ?, ?, ? ) 
2019-01-21 15:30:01,209 [DEBUG] [RenrenScheduler_Worker-1] io.renren.modules.job.dao.ScheduleJobLogDao.insert [BaseJdbcLogger.java : 159] ==> Parameters: 1(Long), testTask(String), test(String), renren(String), 0(Integer), 1114(Integer), 2019-01-21 15:30:00.045(Timestamp)
2019-01-21 15:30:01,217 [DEBUG] [RenrenScheduler_Worker-1] io.renren.modules.job.dao.ScheduleJobLogDao.insert [BaseJdbcLogger.java : 159] <==    Updates: 1
2019-01-21 15:30:18,111 [INFO] [http-nio-8080-exec-8] o.a.c.c.ContainerBase.[Tomcat].[localhost].[/renren-admin] [DirectJDKLog.java : 180] Initializing Spring FrameworkServlet 'dispatcherServlet'
2019-01-21 15:30:18,112 [INFO] [http-nio-8080-exec-8] org.springframework.web.servlet.DispatcherServlet [Jdk14Logger.java : 99] FrameworkServlet 'dispatcherServlet': initialization started
2019-01-21 15:30:18,170 [INFO] [http-nio-8080-exec-8] org.springframework.web.servlet.DispatcherServlet [Jdk14Logger.java : 99] FrameworkServlet 'dispatcherServlet': initialization completed in 58 ms
2019-01-21 15:30:18,214 [INFO] [http-nio-8080-exec-8] o.apache.shiro.session.mgt.AbstractValidatingSessionManager [AbstractValidatingSessionManager.java : 233] Enabling session validation scheduler...
2019-01-21 15:30:18,501 [ERROR] [http-nio-8080-exec-4] org.apache.catalina.core.AprLifecycleListener [DirectJDKLog.java : 180] An incompatible version [1.2.10] of the APR based Apache Tomcat Native library is installed, while Tomcat requires version [1.2.14]
2019-01-21 15:30:18,660 [ERROR] [http-nio-8080-exec-12] org.apache.catalina.core.AprLifecycleListener [DirectJDKLog.java : 180] An incompatible version [1.2.10] of the APR based Apache Tomcat Native library is installed, while Tomcat requires version [1.2.14]
2019-01-21 15:30:18,661 [ERROR] [http-nio-8080-exec-13] org.apache.catalina.core.AprLifecycleListener [DirectJDKLog.java : 180] An incompatible version [1.2.10] of the APR based Apache Tomcat Native library is installed, while Tomcat requires version [1.2.14]
2019-01-21 15:30:18,667 [ERROR] [http-nio-8080-exec-14] org.apache.catalina.core.AprLifecycleListener [DirectJDKLog.java : 180] An incompatible version [1.2.10] of the APR based Apache Tomcat Native library is installed, while Tomcat requires version [1.2.14]
2019-01-21 15:30:18,670 [ERROR] [http-nio-8080-exec-15] org.apache.catalina.core.AprLifecycleListener [DirectJDKLog.java : 180] An incompatible version [1.2.10] of the APR based Apache Tomcat Native library is installed, while Tomcat requires version [1.2.14]
2019-01-21 15:30:34,670 [DEBUG] [http-nio-8080-exec-20] io.renren.modules.sys.dao.SysUserDao.selectOne [BaseJdbcLogger.java : 159] ==>  Preparing: SELECT user_id AS userId,username,`password`,salt,email,mobile,`status`,create_time AS createTime,dept_id AS deptId FROM sys_user WHERE username=? 
2019-01-21 15:30:34,671 [DEBUG] [http-nio-8080-exec-20] io.renren.modules.sys.dao.SysUserDao.selectOne [BaseJdbcLogger.java : 159] ==> Parameters: admin(String)
2019-01-21 15:30:34,673 [DEBUG] [http-nio-8080-exec-20] io.renren.modules.sys.dao.SysUserDao.selectOne [BaseJdbcLogger.java : 159] <==      Total: 1
2019-01-21 15:30:35,129 [DEBUG] [http-nio-8080-exec-27] io.renren.modules.sys.dao.SysMenuDao.queryListParentId [BaseJdbcLogger.java : 159] ==>  Preparing: select * from sys_menu where parent_id = ? order by order_num asc 
2019-01-21 15:30:35,130 [DEBUG] [http-nio-8080-exec-27] io.renren.modules.sys.dao.SysMenuDao.queryListParentId [BaseJdbcLogger.java : 159] ==> Parameters: 0(Long)
2019-01-21 15:30:35,143 [DEBUG] [http-nio-8080-exec-27] io.renren.modules.sys.dao.SysMenuDao.queryListParentId [BaseJdbcLogger.java : 159] <==      Total: 1
2019-01-21 15:30:35,147 [DEBUG] [http-nio-8080-exec-27] io.renren.modules.sys.dao.SysMenuDao.queryListParentId [BaseJdbcLogger.java : 159] ==>  Preparing: select * from sys_menu where parent_id = ? order by order_num asc 
2019-01-21 15:30:35,147 [DEBUG] [http-nio-8080-exec-27] io.renren.modules.sys.dao.SysMenuDao.queryListParentId [BaseJdbcLogger.java : 159] ==> Parameters: 1(Long)
2019-01-21 15:30:35,150 [DEBUG] [http-nio-8080-exec-27] io.renren.modules.sys.dao.SysMenuDao.queryListParentId [BaseJdbcLogger.java : 159] <==      Total: 10
2019-01-21 15:30:38,093 [DEBUG] [http-nio-8080-exec-23] io.renren.modules.sys.dao.SysMenuDao.selectList [BaseJdbcLogger.java : 159] ==>  Preparing: SELECT menu_id AS menuId,parent_id AS parentId,`name`,url,perms,`type`,icon,order_num AS orderNum FROM sys_menu 
2019-01-21 15:30:38,094 [DEBUG] [http-nio-8080-exec-23] io.renren.modules.sys.dao.SysMenuDao.selectList [BaseJdbcLogger.java : 159] ==> Parameters: 
2019-01-21 15:30:38,100 [DEBUG] [http-nio-8080-exec-23] io.renren.modules.sys.dao.SysMenuDao.selectList [BaseJdbcLogger.java : 159] <==      Total: 39
2019-01-21 15:30:38,105 [DEBUG] [http-nio-8080-exec-23] io.renren.modules.sys.dao.SysMenuDao.selectList [BaseJdbcLogger.java : 159] ==>  Preparing: SELECT menu_id AS menuId,parent_id AS parentId,`name`,url,perms,`type`,icon,order_num AS orderNum FROM sys_menu 
2019-01-21 15:30:38,105 [DEBUG] [http-nio-8080-exec-23] io.renren.modules.sys.dao.SysMenuDao.selectList [BaseJdbcLogger.java : 159] ==> Parameters: 
2019-01-21 15:30:38,109 [DEBUG] [http-nio-8080-exec-23] io.renren.modules.sys.dao.SysMenuDao.selectList [BaseJdbcLogger.java : 159] <==      Total: 39
2019-01-21 15:30:38,110 [DEBUG] [http-nio-8080-exec-23] io.renren.modules.sys.dao.SysMenuDao.selectList [BaseJdbcLogger.java : 159] ==>  Preparing: SELECT menu_id AS menuId,parent_id AS parentId,`name`,url,perms,`type`,icon,order_num AS orderNum FROM sys_menu 
2019-01-21 15:30:38,111 [DEBUG] [http-nio-8080-exec-23] io.renren.modules.sys.dao.SysMenuDao.selectList [BaseJdbcLogger.java : 159] ==> Parameters: 
2019-01-21 15:30:38,115 [DEBUG] [http-nio-8080-exec-23] io.renren.modules.sys.dao.SysMenuDao.selectList [BaseJdbcLogger.java : 159] <==      Total: 39
2019-01-21 15:30:38,361 [DEBUG] [http-nio-8080-exec-11] io.renren.modules.sys.dao.SysMenuDao.selectList [BaseJdbcLogger.java : 159] ==>  Preparing: SELECT menu_id AS menuId,parent_id AS parentId,`name`,url,perms,`type`,icon,order_num AS orderNum FROM sys_menu 
2019-01-21 15:30:38,362 [DEBUG] [http-nio-8080-exec-11] io.renren.modules.sys.dao.SysMenuDao.selectList [BaseJdbcLogger.java : 159] ==> Parameters: 
2019-01-21 15:30:38,366 [DEBUG] [http-nio-8080-exec-11] io.renren.modules.sys.dao.SysMenuDao.selectList [BaseJdbcLogger.java : 159] <==      Total: 39
2019-01-21 15:30:38,379 [DEBUG] [http-nio-8080-exec-11] io.renren.modules.sys.dao.SysMenuDao.selectList [BaseJdbcLogger.java : 159] ==>  Preparing: SELECT menu_id AS menuId,parent_id AS parentId,`name`,url,perms,`type`,icon,order_num AS orderNum FROM sys_menu 
2019-01-21 15:30:38,380 [DEBUG] [http-nio-8080-exec-11] io.renren.modules.sys.dao.SysMenuDao.selectList [BaseJdbcLogger.java : 159] ==> Parameters: 
2019-01-21 15:30:38,383 [DEBUG] [http-nio-8080-exec-11] io.renren.modules.sys.dao.SysMenuDao.selectList [BaseJdbcLogger.java : 159] <==      Total: 39
2019-01-21 15:30:38,404 [DEBUG] [http-nio-8080-exec-16] io.renren.modules.sys.dao.SysMenuDao.selectList [BaseJdbcLogger.java : 159] ==>  Preparing: SELECT menu_id AS menuId,parent_id AS parentId,`name`,url,perms,`type`,icon,order_num AS orderNum FROM sys_menu 
2019-01-21 15:30:38,406 [DEBUG] [http-nio-8080-exec-16] io.renren.modules.sys.dao.SysMenuDao.selectList [BaseJdbcLogger.java : 159] ==> Parameters: 
2019-01-21 15:30:38,409 [DEBUG] [http-nio-8080-exec-16] io.renren.modules.sys.dao.SysMenuDao.selectList [BaseJdbcLogger.java : 159] <==      Total: 39
2019-01-21 15:30:38,411 [DEBUG] [http-nio-8080-exec-16] io.renren.modules.sys.dao.SysMenuDao.selectList [BaseJdbcLogger.java : 159] ==>  Preparing: SELECT menu_id AS menuId,parent_id AS parentId,`name`,url,perms,`type`,icon,order_num AS orderNum FROM sys_menu 
2019-01-21 15:30:38,412 [DEBUG] [http-nio-8080-exec-16] io.renren.modules.sys.dao.SysMenuDao.selectList [BaseJdbcLogger.java : 159] ==> Parameters: 
2019-01-21 15:30:38,416 [DEBUG] [http-nio-8080-exec-16] io.renren.modules.sys.dao.SysMenuDao.selectList [BaseJdbcLogger.java : 159] <==      Total: 39
2019-01-21 15:30:38,466 [DEBUG] [http-nio-8080-exec-16] io.renren.modules.sys.dao.SysDeptDao.selectList [BaseJdbcLogger.java : 159] ==>  Preparing: SELECT dept_id AS deptId,parent_id AS parentId,`name`,order_num AS orderNum,del_flag AS delFlag FROM sys_dept WHERE del_flag=0 
2019-01-21 15:30:38,467 [DEBUG] [http-nio-8080-exec-16] io.renren.modules.sys.dao.SysDeptDao.selectList [BaseJdbcLogger.java : 159] ==> Parameters: 
2019-01-21 15:30:38,474 [DEBUG] [http-nio-8080-exec-16] io.renren.modules.sys.dao.SysDeptDao.selectList [BaseJdbcLogger.java : 159] <==      Total: 6
2019-01-21 15:30:38,476 [DEBUG] [http-nio-8080-exec-16] io.renren.modules.sys.dao.SysDeptDao.selectById [BaseJdbcLogger.java : 159] ==>  Preparing: SELECT dept_id AS deptId,parent_id AS parentId,`name`,order_num AS orderNum,del_flag AS delFlag FROM sys_dept WHERE dept_id=? AND del_flag=0 
2019-01-21 15:30:38,477 [DEBUG] [http-nio-8080-exec-16] io.renren.modules.sys.dao.SysDeptDao.selectById [BaseJdbcLogger.java : 159] ==> Parameters: 0(Long)
2019-01-21 15:30:38,477 [DEBUG] [http-nio-8080-exec-16] io.renren.modules.sys.dao.SysDeptDao.selectById [BaseJdbcLogger.java : 159] <==      Total: 0
2019-01-21 15:30:38,478 [DEBUG] [http-nio-8080-exec-16] io.renren.modules.sys.dao.SysDeptDao.selectById [BaseJdbcLogger.java : 159] ==>  Preparing: SELECT dept_id AS deptId,parent_id AS parentId,`name`,order_num AS orderNum,del_flag AS delFlag FROM sys_dept WHERE dept_id=? AND del_flag=0 
2019-01-21 15:30:38,479 [DEBUG] [http-nio-8080-exec-16] io.renren.modules.sys.dao.SysDeptDao.selectById [BaseJdbcLogger.java : 159] ==> Parameters: 1(Long)
2019-01-21 15:30:38,479 [DEBUG] [http-nio-8080-exec-16] io.renren.modules.sys.dao.SysDeptDao.selectById [BaseJdbcLogger.java : 159] <==      Total: 1
2019-01-21 15:30:38,480 [DEBUG] [http-nio-8080-exec-16] io.renren.modules.sys.dao.SysDeptDao.selectById [BaseJdbcLogger.java : 159] ==>  Preparing: SELECT dept_id AS deptId,parent_id AS parentId,`name`,order_num AS orderNum,del_flag AS delFlag FROM sys_dept WHERE dept_id=? AND del_flag=0 
2019-01-21 15:30:38,481 [DEBUG] [http-nio-8080-exec-16] io.renren.modules.sys.dao.SysDeptDao.selectById [BaseJdbcLogger.java : 159] ==> Parameters: 1(Long)
2019-01-21 15:30:38,481 [DEBUG] [http-nio-8080-exec-16] io.renren.modules.sys.dao.SysDeptDao.selectById [BaseJdbcLogger.java : 159] <==      Total: 1
2019-01-21 15:30:38,482 [DEBUG] [http-nio-8080-exec-16] io.renren.modules.sys.dao.SysDeptDao.selectById [BaseJdbcLogger.java : 159] ==>  Preparing: SELECT dept_id AS deptId,parent_id AS parentId,`name`,order_num AS orderNum,del_flag AS delFlag FROM sys_dept WHERE dept_id=? AND del_flag=0 
2019-01-21 15:30:38,483 [DEBUG] [http-nio-8080-exec-16] io.renren.modules.sys.dao.SysDeptDao.selectById [BaseJdbcLogger.java : 159] ==> Parameters: 3(Long)
2019-01-21 15:30:38,484 [DEBUG] [http-nio-8080-exec-16] io.renren.modules.sys.dao.SysDeptDao.selectById [BaseJdbcLogger.java : 159] <==      Total: 1
2019-01-21 15:30:38,485 [DEBUG] [http-nio-8080-exec-16] io.renren.modules.sys.dao.SysDeptDao.selectById [BaseJdbcLogger.java : 159] ==>  Preparing: SELECT dept_id AS deptId,parent_id AS parentId,`name`,order_num AS orderNum,del_flag AS delFlag FROM sys_dept WHERE dept_id=? AND del_flag=0 
2019-01-21 15:30:38,485 [DEBUG] [http-nio-8080-exec-16] io.renren.modules.sys.dao.SysDeptDao.selectById [BaseJdbcLogger.java : 159] ==> Parameters: 3(Long)
2019-01-21 15:30:38,486 [DEBUG] [http-nio-8080-exec-16] io.renren.modules.sys.dao.SysDeptDao.selectById [BaseJdbcLogger.java : 159] <==      Total: 1
2019-01-21 15:30:38,487 [DEBUG] [http-nio-8080-exec-16] io.renren.modules.sys.dao.SysDeptDao.selectById [BaseJdbcLogger.java : 159] ==>  Preparing: SELECT dept_id AS deptId,parent_id AS parentId,`name`,order_num AS orderNum,del_flag AS delFlag FROM sys_dept WHERE dept_id=? AND del_flag=0 
2019-01-21 15:30:38,488 [DEBUG] [http-nio-8080-exec-16] io.renren.modules.sys.dao.SysDeptDao.selectById [BaseJdbcLogger.java : 159] ==> Parameters: 1(Long)
2019-01-21 15:30:38,488 [DEBUG] [http-nio-8080-exec-16] io.renren.modules.sys.dao.SysDeptDao.selectById [BaseJdbcLogger.java : 159] <==      Total: 1
2019-01-21 15:30:39,208 [DEBUG] [http-nio-8080-exec-13] io.renren.modules.sys.dao.SysMenuDao.selectList [BaseJdbcLogger.java : 159] ==>  Preparing: SELECT menu_id AS menuId,parent_id AS parentId,`name`,url,perms,`type`,icon,order_num AS orderNum FROM sys_menu 
2019-01-21 15:30:39,209 [DEBUG] [http-nio-8080-exec-13] io.renren.modules.sys.dao.SysMenuDao.selectList [BaseJdbcLogger.java : 159] ==> Parameters: 
2019-01-21 15:30:39,213 [DEBUG] [http-nio-8080-exec-13] io.renren.modules.sys.dao.SysMenuDao.selectList [BaseJdbcLogger.java : 159] <==      Total: 39
2019-01-21 15:30:39,214 [DEBUG] [http-nio-8080-exec-13] io.renren.modules.sys.dao.SysMenuDao.selectList [BaseJdbcLogger.java : 159] ==>  Preparing: SELECT menu_id AS menuId,parent_id AS parentId,`name`,url,perms,`type`,icon,order_num AS orderNum FROM sys_menu 
2019-01-21 15:30:39,215 [DEBUG] [http-nio-8080-exec-13] io.renren.modules.sys.dao.SysMenuDao.selectList [BaseJdbcLogger.java : 159] ==> Parameters: 
2019-01-21 15:30:39,217 [DEBUG] [http-nio-8080-exec-13] io.renren.modules.sys.dao.SysMenuDao.selectList [BaseJdbcLogger.java : 159] <==      Total: 39
2019-01-21 15:30:39,219 [DEBUG] [http-nio-8080-exec-13] io.renren.modules.sys.dao.SysMenuDao.selectList [BaseJdbcLogger.java : 159] ==>  Preparing: SELECT menu_id AS menuId,parent_id AS parentId,`name`,url,perms,`type`,icon,order_num AS orderNum FROM sys_menu 
2019-01-21 15:30:39,219 [DEBUG] [http-nio-8080-exec-13] io.renren.modules.sys.dao.SysMenuDao.selectList [BaseJdbcLogger.java : 159] ==> Parameters: 
2019-01-21 15:30:39,221 [DEBUG] [http-nio-8080-exec-13] io.renren.modules.sys.dao.SysMenuDao.selectList [BaseJdbcLogger.java : 159] <==      Total: 39
2019-01-21 15:30:39,337 [DEBUG] [http-nio-8080-exec-15] io.renren.modules.sys.dao.SysMenuDao.selectList [BaseJdbcLogger.java : 159] ==>  Preparing: SELECT menu_id AS menuId,parent_id AS parentId,`name`,url,perms,`type`,icon,order_num AS orderNum FROM sys_menu 
2019-01-21 15:30:39,338 [DEBUG] [http-nio-8080-exec-15] io.renren.modules.sys.dao.SysMenuDao.selectList [BaseJdbcLogger.java : 159] ==> Parameters: 
2019-01-21 15:30:39,341 [DEBUG] [http-nio-8080-exec-15] io.renren.modules.sys.dao.SysMenuDao.selectList [BaseJdbcLogger.java : 159] <==      Total: 39
2019-01-21 15:30:39,353 [DEBUG] [http-nio-8080-exec-15] io.renren.modules.sys.dao.SysMenuDao.selectList [BaseJdbcLogger.java : 159] ==>  Preparing: SELECT menu_id AS menuId,parent_id AS parentId,`name`,url,perms,`type`,icon,order_num AS orderNum FROM sys_menu 
2019-01-21 15:30:39,354 [DEBUG] [http-nio-8080-exec-15] io.renren.modules.sys.dao.SysMenuDao.selectList [BaseJdbcLogger.java : 159] ==> Parameters: 
2019-01-21 15:30:39,356 [DEBUG] [http-nio-8080-exec-15] io.renren.modules.sys.dao.SysMenuDao.selectList [BaseJdbcLogger.java : 159] <==      Total: 39
2019-01-21 15:30:39,486 [DEBUG] [http-nio-8080-exec-15] io.renren.modules.sys.dao.SysRoleDao.selectPage [BaseJdbcLogger.java : 159] ==>  Preparing: SELECT COUNT(1) FROM sys_role 
2019-01-21 15:30:39,486 [DEBUG] [http-nio-8080-exec-15] io.renren.modules.sys.dao.SysRoleDao.selectPage [BaseJdbcLogger.java : 159] ==> Parameters: 
2019-01-21 15:30:39,499 [DEBUG] [http-nio-8080-exec-15] io.renren.modules.sys.dao.SysRoleDao.selectPage [BaseJdbcLogger.java : 159] ==>  Preparing: SELECT role_id AS roleId,role_name AS roleName,remark,dept_id AS deptId,create_time AS createTime FROM sys_role LIMIT 0,10 
2019-01-21 15:30:39,499 [DEBUG] [http-nio-8080-exec-15] io.renren.modules.sys.dao.SysRoleDao.selectPage [BaseJdbcLogger.java : 159] ==> Parameters: 
2019-01-21 15:30:39,502 [DEBUG] [http-nio-8080-exec-15] io.renren.modules.sys.dao.SysRoleDao.selectPage [BaseJdbcLogger.java : 159] <==      Total: 3
2019-01-21 15:30:39,503 [DEBUG] [http-nio-8080-exec-15] io.renren.modules.sys.dao.SysDeptDao.selectById [BaseJdbcLogger.java : 159] ==>  Preparing: SELECT dept_id AS deptId,parent_id AS parentId,`name`,order_num AS orderNum,del_flag AS delFlag FROM sys_dept WHERE dept_id=? AND del_flag=0 
2019-01-21 15:30:39,504 [DEBUG] [http-nio-8080-exec-15] io.renren.modules.sys.dao.SysDeptDao.selectById [BaseJdbcLogger.java : 159] ==> Parameters: 1(Long)
2019-01-21 15:30:39,504 [DEBUG] [http-nio-8080-exec-15] io.renren.modules.sys.dao.SysDeptDao.selectById [BaseJdbcLogger.java : 159] <==      Total: 1
2019-01-21 15:30:39,505 [DEBUG] [http-nio-8080-exec-15] io.renren.modules.sys.dao.SysDeptDao.selectById [BaseJdbcLogger.java : 159] ==>  Preparing: SELECT dept_id AS deptId,parent_id AS parentId,`name`,order_num AS orderNum,del_flag AS delFlag FROM sys_dept WHERE dept_id=? AND del_flag=0 
2019-01-21 15:30:39,506 [DEBUG] [http-nio-8080-exec-15] io.renren.modules.sys.dao.SysDeptDao.selectById [BaseJdbcLogger.java : 159] ==> Parameters: 1(Long)
2019-01-21 15:30:39,507 [DEBUG] [http-nio-8080-exec-15] io.renren.modules.sys.dao.SysDeptDao.selectById [BaseJdbcLogger.java : 159] <==      Total: 1
2019-01-21 15:30:39,508 [DEBUG] [http-nio-8080-exec-15] io.renren.modules.sys.dao.SysDeptDao.selectById [BaseJdbcLogger.java : 159] ==>  Preparing: SELECT dept_id AS deptId,parent_id AS parentId,`name`,order_num AS orderNum,del_flag AS delFlag FROM sys_dept WHERE dept_id=? AND del_flag=0 
2019-01-21 15:30:39,509 [DEBUG] [http-nio-8080-exec-15] io.renren.modules.sys.dao.SysDeptDao.selectById [BaseJdbcLogger.java : 159] ==> Parameters: 1(Long)
2019-01-21 15:30:39,509 [DEBUG] [http-nio-8080-exec-15] io.renren.modules.sys.dao.SysDeptDao.selectById [BaseJdbcLogger.java : 159] <==      Total: 1
2019-01-21 15:30:59,619 [INFO] [Thread-52] org.quartz.core.QuartzScheduler [QuartzScheduler.java : 585] Scheduler RenrenScheduler_$_DESKTOP-SK775161548055747935 paused.
2019-01-21 15:30:59,627 [INFO] [Thread-52] org.quartz.core.QuartzScheduler [QuartzScheduler.java : 666] Scheduler RenrenScheduler_$_DESKTOP-SK775161548055747935 shutting down.
2019-01-21 15:30:59,627 [INFO] [Thread-52] org.quartz.core.QuartzScheduler [QuartzScheduler.java : 585] Scheduler RenrenScheduler_$_DESKTOP-SK775161548055747935 paused.
2019-01-21 15:30:59,636 [INFO] [Thread-52] org.quartz.core.QuartzScheduler [QuartzScheduler.java : 740] Scheduler RenrenScheduler_$_DESKTOP-SK775161548055747935 shutdown complete.
2019-01-21 15:30:59,639 [INFO] [Thread-52] o.apache.shiro.session.mgt.AbstractValidatingSessionManager [AbstractValidatingSessionManager.java : 250] Disabled session validation scheduler.
2019-01-21 15:30:59,686 [INFO] [Thread-52] com.alibaba.druid.pool.DruidDataSource [DruidDataSource.java : 1825] {dataSource-1} closed
